<?xml version="1.0" encoding="UTF-8"?>
<testsuite xmlns:xsi="http://www.w3.org/2001/XMLSchema-instance" xsi:noNamespaceSchemaLocation="https://maven.apache.org/surefire/maven-surefire-plugin/xsd/surefire-test-report-3.0.xsd" version="3.0" name="authorDao.AppTest" time="1.289" tests="2" errors="0" skipped="0" failures="0">
  <properties>
[...]
</properties>
  <testcase name="getTest" classname="authorDao.AppTest" time="1.167">
    <system-out><![CDATA[primajdbc:mysql://localhost:3306/
jdbc:mysql://localhost:3306/test1
]]></system-out>
  </testcase>
  <testcase name="createTest" classname="authorDao.AppTest" time="0.082">
    <system-out><![CDATA[primajdbc:mysql://localhost:3306/test1
jdbc:mysql://localhost:3306/test2
]]></system-out>
  </testcase>
</testsuite>